19464 | 2024/03/22 11:03:13.693 | MainProcess | INFO | convert_2_files | main | setup_project::11 | message >>> Start Run Batch Date: 2024-03-22
19464 | 2024/03/22 11:03:13.693 | MainProcess | INFO | convert_2_files | module | wrapper_success_files::41 | message >>> Check Success files..
19464 | 2024/03/22 11:03:13.694 | MainProcess | INFO | convert_2_files | module | wrapper_success_files::59 | message >>> File found count 9 status: succeed.
19464 | 2024/03/22 11:03:13.695 | MainProcess | INFO | convert_2_files | module | get_data_files::96 | message >>> Get Data from files..
19464 | 2024/03/22 11:03:13.695 | MainProcess | INFO | convert_2_files | module | get_data_files::109 | message >>> Read Text files: 'D:\Document\Coding\Project\convert_2_files\raw/ADM.txt'.
19464 | 2024/03/22 11:03:13.695 | MainProcess | INFO | convert_2_files | verify | generate_text_data::98 | message >>> Cleansing Data in Text files to Dataframe..
19464 | 2024/03/22 11:03:13.697 | MainProcess | INFO | convert_2_files | module | get_data_files::106 | message >>> Read Excel files: 'D:\Document\Coding\Project\convert_2_files\raw/BOS.xlsx'.
19464 | 2024/03/22 11:03:13.697 | MainProcess | INFO | convert_2_files | verify | generate_excel_data::36 | message >>> Cleansing Data in Excel files to Dataframe..
19464 | 2024/03/22 11:03:13.701 | MainProcess | INFO | convert_2_files | module | get_data_files::106 | message >>> Read Excel files: 'D:\Document\Coding\Project\convert_2_files\raw/CUM.xls'.
19464 | 2024/03/22 11:03:13.701 | MainProcess | INFO | convert_2_files | verify | generate_excel_data::36 | message >>> Cleansing Data in Excel files to Dataframe..
19464 | 2024/03/22 11:03:13.703 | MainProcess | INFO | convert_2_files | module | get_data_files::109 | message >>> Read Text files: 'D:\Document\Coding\Project\convert_2_files\raw/DocImage.txt'.
19464 | 2024/03/22 11:03:13.704 | MainProcess | INFO | convert_2_files | verify | generate_text_data::98 | message >>> Cleansing Data in Text files to Dataframe..
19464 | 2024/03/22 11:03:13.705 | MainProcess | INFO | convert_2_files | module | get_data_files::106 | message >>> Read Excel files: 'D:\Document\Coding\Project\convert_2_files\raw/ICAS-NCR.xlsx'.
19464 | 2024/03/22 11:03:13.705 | MainProcess | INFO | convert_2_files | verify | generate_excel_data::36 | message >>> Cleansing Data in Excel files to Dataframe..
19464 | 2024/03/22 11:03:13.706 | MainProcess | INFO | convert_2_files | module | get_data_files::106 | message >>> Read Excel files: 'D:\Document\Coding\Project\convert_2_files\raw/IIC.xlsx'.
19464 | 2024/03/22 11:03:13.707 | MainProcess | INFO | convert_2_files | verify | generate_excel_data::36 | message >>> Cleansing Data in Excel files to Dataframe..
19464 | 2024/03/22 11:03:13.709 | MainProcess | INFO | convert_2_files | module | get_data_files::109 | message >>> Read Text files: 'D:\Document\Coding\Project\convert_2_files\raw/LDS-P_UserDetail.txt'.
19464 | 2024/03/22 11:03:13.709 | MainProcess | INFO | convert_2_files | verify | generate_text_data::98 | message >>> Cleansing Data in Text files to Dataframe..
19464 | 2024/03/22 11:03:13.709 | MainProcess | INFO | convert_2_files | module | get_data_files::106 | message >>> Read Excel files: 'D:\Document\Coding\Project\convert_2_files\raw/Lead-Management.xlsx'.
19464 | 2024/03/22 11:03:13.710 | MainProcess | INFO | convert_2_files | verify | generate_excel_data::36 | message >>> Cleansing Data in Excel files to Dataframe..
19464 | 2024/03/22 11:03:13.712 | MainProcess | INFO | convert_2_files | module | get_data_files::106 | message >>> Read Excel files: 'D:\Document\Coding\Project\convert_2_files\raw/MOC.xlsx'.
19464 | 2024/03/22 11:03:13.713 | MainProcess | INFO | convert_2_files | verify | generate_excel_data::36 | message >>> Cleansing Data in Excel files to Dataframe..
19464 | 2024/03/22 11:03:13.716 | MainProcess | INFO | convert_2_files | module | write_data_to_tmp_file::125 | message >>> Write Data to Tmp files..
19464 | 2024/03/22 11:03:13.723 | MainProcess | INFO | convert_2_files | module | write_data_to_tmp_file::155 | message >>> Generate Sheet_name: RUN_TIME_1 in Tmp files.
19464 | 2024/03/22 11:03:13.724 | MainProcess | INFO | convert_2_files | verify | validation_data::116 | message >>> Verify Changed information..
19464 | 2024/03/22 11:03:13.730 | MainProcess | INFO | convert_2_files | module | write_worksheet::189 | message >>> Data for write: 2. rows
19464 | 2024/03/22 11:03:13.731 | MainProcess | INFO | convert_2_files | module | write_worksheet::210 | message >>> Inserted Rows: (2) in Tmp files. Record Changed: {'ApplicationCode': 1,
'AccountOwner': 2,
'AccountName': 3,
'AccountType': 4,
'EntitlementName': 5,
'SecondEntitlementName': 6,
'ThirdEntitlementName': 7,
'AccountStatus': 8,
'IsPrivileged': 9,
'AccountDescription': 10,
'CreateDate': '2024-03-22',
'LastLogin': 12,
'LastUpdatedDate': Timestamp('2024-03-22 11:03:13.693689'),
'AdditionalAttribute': 14,}
19464 | 2024/03/22 11:03:13.740 | MainProcess | INFO | convert_2_files | module | write_data_to_tmp_file::178 | message >>> Write to Tmp files status: succeed.
19464 | 2024/03/22 11:03:13.740 | MainProcess | INFO | convert_2_files | module | write_data_to_target_file::237 | message >>> Write Data to Target files..
19464 | 2024/03/22 11:03:13.752 | MainProcess | INFO | convert_2_files | verify | customize_data::173 | message >>> Customize Data to Target..
19464 | 2024/03/22 11:03:13.754 | MainProcess | INFO | convert_2_files | verify | validation_data::116 | message >>> Verify Changed information..
19464 | 2024/03/22 11:03:13.759 | MainProcess | INFO | convert_2_files | module | write_data_to_target_file::288 | message >>> Write mode: Overwrite in Target files: 'D:\Document\Coding\Project\convert_2_files\export/Application Data Requirements_22032024.xlsx'
19464 | 2024/03/22 11:03:13.760 | MainProcess | INFO | convert_2_files | module | write_data_to_target_file::306 | message >>> Inserted Rows: (2) in Target files. Record Changed: {'ApplicationCode': 1,
'AccountOwner': 2,
'AccountName': 3,
'AccountType': 4,
'EntitlementName': 5,
'SecondEntitlementName': 6,
'ThirdEntitlementName': 7,
'AccountStatus': 8,
'IsPrivileged': 9,
'AccountDescription': 10,
'CreateDate': '2024-03-22',
'LastLogin': 12,
'LastUpdatedDate': Timestamp('2024-03-22 11:03:13.694000'),
'AdditionalAttribute': 14,}
19464 | 2024/03/22 11:03:13.769 | MainProcess | INFO | convert_2_files | module | write_data_to_target_file::316 | message >>> Write to Target Files status: succeed.
19464 | 2024/03/22 11:03:13.770 | MainProcess | INFO | convert_2_files | main | setup_project::22 | message >>> Stop Batch Date: 2024-03-22

