9728 | 2024/03/17 22:38:01.512 | MainProcess | INFO | convert_2_files | main | setup_project::11 | message >>> Start Run Batch Date: 2024-03-17
9728 | 2024/03/17 22:38:01.512 | MainProcess | INFO | convert_2_files | run_batch | wrapper_success_files::41 | message >>> Check Success files..
9728 | 2024/03/17 22:38:01.513 | MainProcess | INFO | convert_2_files | run_batch | wrapper_success_files::59 | message >>> File found count 9 status: successed.
9728 | 2024/03/17 22:38:01.514 | MainProcess | INFO | convert_2_files | run_batch | get_data_files::96 | message >>> Get Data from files..
9728 | 2024/03/17 22:38:01.514 | MainProcess | INFO | convert_2_files | run_batch | get_data_files::109 | message >>> Read Text files: 'D:\Document\Coding\Project\convert_2_files\raw/ADM.txt'.
9728 | 2024/03/17 22:38:01.514 | MainProcess | INFO | convert_2_files | verify | generate_text_data::98 | message >>> Cleansing Data in Text files to Dataframe..
9728 | 2024/03/17 22:38:01.515 | MainProcess | INFO | convert_2_files | run_batch | get_data_files::106 | message >>> Read Excel files: 'D:\Document\Coding\Project\convert_2_files\raw/BOS.xlsx'.
9728 | 2024/03/17 22:38:01.516 | MainProcess | INFO | convert_2_files | verify | generate_excel_data::36 | message >>> Cleansing Data in Excel files to Dataframe..
9728 | 2024/03/17 22:38:01.519 | MainProcess | INFO | convert_2_files | run_batch | get_data_files::106 | message >>> Read Excel files: 'D:\Document\Coding\Project\convert_2_files\raw/CUM.xls'.
9728 | 2024/03/17 22:38:01.520 | MainProcess | INFO | convert_2_files | verify | generate_excel_data::36 | message >>> Cleansing Data in Excel files to Dataframe..
9728 | 2024/03/17 22:38:01.522 | MainProcess | INFO | convert_2_files | run_batch | get_data_files::109 | message >>> Read Text files: 'D:\Document\Coding\Project\convert_2_files\raw/DocImage.txt'.
9728 | 2024/03/17 22:38:01.522 | MainProcess | INFO | convert_2_files | verify | generate_text_data::98 | message >>> Cleansing Data in Text files to Dataframe..
9728 | 2024/03/17 22:38:01.523 | MainProcess | INFO | convert_2_files | run_batch | get_data_files::106 | message >>> Read Excel files: 'D:\Document\Coding\Project\convert_2_files\raw/ICAS-NCR.xlsx'.
9728 | 2024/03/17 22:38:01.523 | MainProcess | INFO | convert_2_files | verify | generate_excel_data::36 | message >>> Cleansing Data in Excel files to Dataframe..
9728 | 2024/03/17 22:38:01.525 | MainProcess | INFO | convert_2_files | run_batch | get_data_files::106 | message >>> Read Excel files: 'D:\Document\Coding\Project\convert_2_files\raw/IIC.xlsx'.
9728 | 2024/03/17 22:38:01.525 | MainProcess | INFO | convert_2_files | verify | generate_excel_data::36 | message >>> Cleansing Data in Excel files to Dataframe..
9728 | 2024/03/17 22:38:01.526 | MainProcess | INFO | convert_2_files | run_batch | get_data_files::109 | message >>> Read Text files: 'D:\Document\Coding\Project\convert_2_files\raw/LDS-P_UserDetail.txt'.
9728 | 2024/03/17 22:38:01.526 | MainProcess | INFO | convert_2_files | verify | generate_text_data::98 | message >>> Cleansing Data in Text files to Dataframe..
9728 | 2024/03/17 22:38:01.527 | MainProcess | INFO | convert_2_files | run_batch | get_data_files::106 | message >>> Read Excel files: 'D:\Document\Coding\Project\convert_2_files\raw/Lead-Management.xlsx'.
9728 | 2024/03/17 22:38:01.527 | MainProcess | INFO | convert_2_files | verify | generate_excel_data::36 | message >>> Cleansing Data in Excel files to Dataframe..
9728 | 2024/03/17 22:38:01.530 | MainProcess | INFO | convert_2_files | run_batch | get_data_files::106 | message >>> Read Excel files: 'D:\Document\Coding\Project\convert_2_files\raw/MOC.xlsx'.
9728 | 2024/03/17 22:38:01.530 | MainProcess | INFO | convert_2_files | verify | generate_excel_data::36 | message >>> Cleansing Data in Excel files to Dataframe..
9728 | 2024/03/17 22:38:01.534 | MainProcess | INFO | convert_2_files | run_batch | write_data_to_tmp_file::125 | message >>> Write Data to Tmp files..
9728 | 2024/03/17 22:38:01.540 | MainProcess | INFO | convert_2_files | run_batch | write_data_to_tmp_file::155 | message >>> Genarate Sheet_name: RUN_TIME_1 in Tmp files.
9728 | 2024/03/17 22:38:01.541 | MainProcess | INFO | convert_2_files | verify | validation_data::116 | message >>> Verify Changed information..
9728 | 2024/03/17 22:38:01.547 | MainProcess | INFO | convert_2_files | run_batch | write_worksheet::188 | message >>> Data for write: 2. rows
9728 | 2024/03/17 22:38:01.547 | MainProcess | INFO | convert_2_files | run_batch | write_worksheet::209 | message >>> Inserted Rows: (2) in Tmp files. Record Changed: {'ApplicationCode': 1,
'AccountOwner': 2,
'AccountName': 3,
'AccountType': 4,
'EntitlementName': 5,
'SecondEntitlementName': 6,
'ThirdEntitlementName': 7,
'AccountStatus': 8,
'IsPrivileged': 9,
'AccountDescription': 10,
'CreateDate': '2024-03-17',
'LastLogin': 12,
'LastUpdatedDate': Timestamp('2024-03-17 22:38:01.512784'),
'AdditionalAttribute': 14,}
9728 | 2024/03/17 22:38:01.557 | MainProcess | INFO | convert_2_files | run_batch | write_data_to_tmp_file::177 | message >>> Write to Tmp files status: successed.
9728 | 2024/03/17 22:38:01.557 | MainProcess | INFO | convert_2_files | run_batch | write_data_to_target_file::236 | message >>> Write Data to Target files..
9728 | 2024/03/17 22:38:01.569 | MainProcess | INFO | convert_2_files | verify | customize_data::173 | message >>> Customize Data to Target..
9728 | 2024/03/17 22:38:01.570 | MainProcess | INFO | convert_2_files | verify | validation_data::116 | message >>> Verify Changed information..
9728 | 2024/03/17 22:38:01.576 | MainProcess | INFO | convert_2_files | run_batch | write_data_to_target_file::287 | message >>> Write mode: Overwrite in Terget_files: 'Application Data Requirements_17032024.xlsx'
9728 | 2024/03/17 22:38:01.576 | MainProcess | INFO | convert_2_files | run_batch | write_data_to_target_file::305 | message >>> Inserted Rows: (2) in Target files. Record Changed: {'ApplicationCode': 1,
'AccountOwner': 2,
'AccountName': 3,
'AccountType': 4,
'EntitlementName': 5,
'SecondEntitlementName': 6,
'ThirdEntitlementName': 7,
'AccountStatus': 8,
'IsPrivileged': 9,
'AccountDescription': 10,
'CreateDate': '2024-03-17',
'LastLogin': 12,
'LastUpdatedDate': Timestamp('2024-03-17 22:38:01.513000'),
'AdditionalAttribute': 14,}
9728 | 2024/03/17 22:38:01.585 | MainProcess | INFO | convert_2_files | run_batch | write_data_to_target_file::314 | message >>> Write to Target Files status: successed.
9728 | 2024/03/17 22:38:01.585 | MainProcess | INFO | convert_2_files | main | setup_project::22 | message >>> Stop Batch Date: 2024-03-17

