8268 | 2024/03/16 00:20:05.587 | MainProcess | INFO | convert_2_files | main | setup_project::11 | message >>> Start Run Batch Date: 2024-03-11
8268 | 2024/03/16 00:20:05.587 | MainProcess | INFO | convert_2_files | run_batch | wrapper_success_files::41 | message >>> Check Success files..
8268 | 2024/03/16 00:20:05.588 | MainProcess | INFO | convert_2_files | run_batch | wrapper_success_files::59 | message >>> File found count 9 status: successed.
8268 | 2024/03/16 00:20:05.589 | MainProcess | INFO | convert_2_files | run_batch | get_data_files::96 | message >>> Get Data from files..
8268 | 2024/03/16 00:20:05.589 | MainProcess | INFO | convert_2_files | run_batch | get_data_files::109 | message >>> Read Text files: 'D:\Document\Coding\Project\convert_2_files\raw/ADM.txt'.
8268 | 2024/03/16 00:20:05.589 | MainProcess | INFO | convert_2_files | verify | generate_text_data::98 | message >>> Cleansing Data in Text files to Dataframe..
8268 | 2024/03/16 00:20:05.590 | MainProcess | INFO | convert_2_files | run_batch | get_data_files::106 | message >>> Read Excel files: 'D:\Document\Coding\Project\convert_2_files\raw/BOS.xlsx'.
8268 | 2024/03/16 00:20:05.590 | MainProcess | INFO | convert_2_files | verify | generate_excel_data::36 | message >>> Cleansing Data in Excel files to Dataframe..
8268 | 2024/03/16 00:20:05.594 | MainProcess | INFO | convert_2_files | run_batch | get_data_files::106 | message >>> Read Excel files: 'D:\Document\Coding\Project\convert_2_files\raw/CUM.xls'.
8268 | 2024/03/16 00:20:05.594 | MainProcess | INFO | convert_2_files | verify | generate_excel_data::36 | message >>> Cleansing Data in Excel files to Dataframe..
8268 | 2024/03/16 00:20:05.596 | MainProcess | INFO | convert_2_files | run_batch | get_data_files::109 | message >>> Read Text files: 'D:\Document\Coding\Project\convert_2_files\raw/DocImage.txt'.
8268 | 2024/03/16 00:20:05.596 | MainProcess | INFO | convert_2_files | verify | generate_text_data::98 | message >>> Cleansing Data in Text files to Dataframe..
8268 | 2024/03/16 00:20:05.597 | MainProcess | INFO | convert_2_files | run_batch | get_data_files::106 | message >>> Read Excel files: 'D:\Document\Coding\Project\convert_2_files\raw/ICAS-NCR.xlsx'.
8268 | 2024/03/16 00:20:05.597 | MainProcess | INFO | convert_2_files | verify | generate_excel_data::36 | message >>> Cleansing Data in Excel files to Dataframe..
8268 | 2024/03/16 00:20:05.598 | MainProcess | INFO | convert_2_files | run_batch | get_data_files::106 | message >>> Read Excel files: 'D:\Document\Coding\Project\convert_2_files\raw/IIC.xlsx'.
8268 | 2024/03/16 00:20:05.598 | MainProcess | INFO | convert_2_files | verify | generate_excel_data::36 | message >>> Cleansing Data in Excel files to Dataframe..
8268 | 2024/03/16 00:20:05.600 | MainProcess | INFO | convert_2_files | run_batch | get_data_files::109 | message >>> Read Text files: 'D:\Document\Coding\Project\convert_2_files\raw/LDS-P_UserDetail.txt'.
8268 | 2024/03/16 00:20:05.600 | MainProcess | INFO | convert_2_files | verify | generate_text_data::98 | message >>> Cleansing Data in Text files to Dataframe..
8268 | 2024/03/16 00:20:05.601 | MainProcess | INFO | convert_2_files | run_batch | get_data_files::106 | message >>> Read Excel files: 'D:\Document\Coding\Project\convert_2_files\raw/Lead-Management.xlsx'.
8268 | 2024/03/16 00:20:05.601 | MainProcess | INFO | convert_2_files | verify | generate_excel_data::36 | message >>> Cleansing Data in Excel files to Dataframe..
8268 | 2024/03/16 00:20:05.603 | MainProcess | INFO | convert_2_files | run_batch | get_data_files::106 | message >>> Read Excel files: 'D:\Document\Coding\Project\convert_2_files\raw/MOC.xlsx'.
8268 | 2024/03/16 00:20:05.603 | MainProcess | INFO | convert_2_files | verify | generate_excel_data::36 | message >>> Cleansing Data in Excel files to Dataframe..
8268 | 2024/03/16 00:20:05.606 | MainProcess | INFO | convert_2_files | run_batch | write_data_to_tmp_file::125 | message >>> Write Data to Tmp files..
8268 | 2024/03/16 00:20:05.614 | MainProcess | INFO | convert_2_files | run_batch | write_data_to_tmp_file::155 | message >>> Genarate Sheet_name: RUN_TIME_1 in Tmp files.
8268 | 2024/03/16 00:20:05.615 | MainProcess | INFO | convert_2_files | verify | validation_data::116 | message >>> Verify Changed information..
8268 | 2024/03/16 00:20:05.620 | MainProcess | INFO | convert_2_files | run_batch | write_worksheet::188 | message >>> Data for write: 2. rows
8268 | 2024/03/16 00:20:05.621 | MainProcess | INFO | convert_2_files | run_batch | write_worksheet::209 | message >>> Inserted Rows: (2) in Tmp files. Record Changed: {'ApplicationCode': 1,
'AccountOwner': 2,
'AccountName': 3,
'AccountType': 4,
'EntitlementName': 5,
'SecondEntitlementName': 6,
'ThirdEntitlementName': 7,
'AccountStatus': 8,
'IsPrivileged': 9,
'AccountDescription': 10,
'CreateDate': '2024-03-11',
'LastLogin': 12,
'LastUpdatedDate': Timestamp('2024-03-16 00:20:05.587335'),
'AdditionalAttribute': 14,}
8268 | 2024/03/16 00:20:05.629 | MainProcess | INFO | convert_2_files | run_batch | write_data_to_tmp_file::177 | message >>> Write to Tmp files status: successed.
8268 | 2024/03/16 00:20:05.630 | MainProcess | INFO | convert_2_files | run_batch | write_data_to_target_file::236 | message >>> Write Data to Target files..
8268 | 2024/03/16 00:20:05.641 | MainProcess | INFO | convert_2_files | verify | customize_data::173 | message >>> Customize Data to Target..
8268 | 2024/03/16 00:20:05.643 | MainProcess | INFO | convert_2_files | verify | validation_data::116 | message >>> Verify Changed information..
8268 | 2024/03/16 00:20:05.648 | MainProcess | INFO | convert_2_files | run_batch | write_data_to_target_file::287 | message >>> Write mode: Overwrite in Terget_files: 'Application Data Requirements_11032024.xlsx'
8268 | 2024/03/16 00:20:05.648 | MainProcess | INFO | convert_2_files | run_batch | write_data_to_target_file::305 | message >>> Inserted Rows: (2) in Target files. Record Changed: {'ApplicationCode': 1,
'AccountOwner': 2,
'AccountName': 3,
'AccountType': 4,
'EntitlementName': 5,
'SecondEntitlementName': 6,
'ThirdEntitlementName': 7,
'AccountStatus': 8,
'IsPrivileged': 9,
'AccountDescription': 10,
'CreateDate': '2024-03-11',
'LastLogin': 12,
'LastUpdatedDate': Timestamp('2024-03-16 00:20:05.587000'),
'AdditionalAttribute': 14,}
8268 | 2024/03/16 00:20:05.656 | MainProcess | INFO | convert_2_files | run_batch | write_data_to_target_file::314 | message >>> Write to Target Files status: successed.
8268 | 2024/03/16 00:20:05.657 | MainProcess | INFO | convert_2_files | main | setup_project::22 | message >>> Stop Batch Date

