2024/02/07 16:54:18.041|MainProcess|INFO|convert_2_file|main|setup_project|Start Project
2024/02/07 16:54:18.041|MainProcess|INFO|convert_2_file|start|fn_success_files|Check Success Files
2024/02/07 16:54:18.042|MainProcess|INFO|convert_2_file|start|fn_success_files|File Found Count 9 Status: Success
2024/02/07 16:54:18.042|MainProcess|INFO|convert_2_file|start|get_data_files|Get Data Files
2024/02/07 16:54:18.042|MainProcess|INFO|convert_2_file|start|get_data_files|Read Text Files: 'D:\Document\Coding\Project\convert_2_files\raw/ADM.txt'
2024/02/07 16:54:18.044|MainProcess|INFO|convert_2_file|start|get_data_files|Read Excel Files: 'D:\Document\Coding\Project\convert_2_files\raw/BOS.xlsx'
2024/02/07 16:54:18.047|MainProcess|INFO|convert_2_file|start|get_data_files|Read Excel Files: 'D:\Document\Coding\Project\convert_2_files\raw/CUM.xls'
2024/02/07 16:54:18.049|MainProcess|INFO|convert_2_file|start|get_data_files|Read Text Files: 'D:\Document\Coding\Project\convert_2_files\raw/DocImage.txt'
2024/02/07 16:54:18.050|MainProcess|INFO|convert_2_file|start|get_data_files|Read Excel Files: 'D:\Document\Coding\Project\convert_2_files\raw/ICAS-NCR.xlsx'
2024/02/07 16:54:18.051|MainProcess|INFO|convert_2_file|start|get_data_files|Read Excel Files: 'D:\Document\Coding\Project\convert_2_files\raw/IIC.xlsx'
2024/02/07 16:54:18.053|MainProcess|INFO|convert_2_file|start|get_data_files|Read Text Files: 'D:\Document\Coding\Project\convert_2_files\raw/LDS-P_UserDetail.txt'
2024/02/07 16:54:18.053|MainProcess|INFO|convert_2_file|start|get_data_files|Read Excel Files: 'D:\Document\Coding\Project\convert_2_files\raw/Lead-Management.xlsx'
2024/02/07 16:54:18.056|MainProcess|INFO|convert_2_file|start|get_data_files|Read Excel Files: 'D:\Document\Coding\Project\convert_2_files\raw/MOC.xlsx'
2024/02/07 16:54:18.057|MainProcess|INFO|convert_2_file|start|fn_data_mapping|Mapping Data Sheet: 'ADM'
2024/02/07 16:54:18.059|MainProcess|INFO|convert_2_file|start|fn_data_mapping|Mapping Data Sheet: 'BOS_export_BrUser'
2024/02/07 16:54:18.060|MainProcess|INFO|convert_2_file|start|fn_data_mapping|Mapping Data Sheet: 'BOS_export_role'
2024/02/07 16:54:18.061|MainProcess|INFO|convert_2_file|start|fn_data_mapping|Mapping Data Sheet: 'USER REPORT'
2024/02/07 16:54:18.062|MainProcess|INFO|convert_2_file|start|fn_data_mapping|Mapping Data Sheet: 'DOCIMAGE'
2024/02/07 16:54:18.063|MainProcess|INFO|convert_2_file|start|fn_data_mapping|Mapping Data Sheet: 'Sheet1'
2024/02/07 16:54:18.064|MainProcess|INFO|convert_2_file|start|fn_data_mapping|Mapping Data Sheet: 'Sheet1'
2024/02/07 16:54:18.065|MainProcess|INFO|convert_2_file|start|fn_data_mapping|Mapping Data Sheet: 'LDS-P_USERDETAIL'
2024/02/07 16:54:18.067|MainProcess|INFO|convert_2_file|start|fn_data_mapping|Mapping Data Sheet: 'ExportAuthPerson'
2024/02/07 16:54:18.068|MainProcess|INFO|convert_2_file|start|fn_data_mapping|Mapping Data Sheet: 'ExportCopc'
2024/02/07 16:54:18.068|MainProcess|INFO|convert_2_file|start|fn_data_mapping|Mapping Data Sheet: 'ExportProgramTemplateAdmin'
2024/02/07 16:54:18.069|MainProcess|INFO|convert_2_file|start|fn_data_mapping|Mapping Data Sheet: 'ExportProgramTemplateApprover'
2024/02/07 16:54:18.070|MainProcess|INFO|convert_2_file|start|fn_data_mapping|Mapping Data Sheet: 'ExportSaleSupport'
2024/02/07 16:54:18.070|MainProcess|INFO|convert_2_file|start|fn_data_mapping|Mapping Data Sheet: 'ExportTeamHead'
2024/02/07 16:54:18.071|MainProcess|INFO|convert_2_file|start|fn_data_mapping|Mapping Data Sheet: 'Sheet1'
2024/02/07 16:54:18.072|MainProcess|INFO|convert_2_file|main|setup_project|End Project
